2025-07-12 15:11:40,895 - INFO - Starting Nuclear Energy strategy analysis...
2025-07-12 15:11:43,687 - INFO - Analysis complete: BUY SMR (confidence: 75.0%) - Bull market - top nuclear stock: SMR
2025-07-12 15:17:21,457 - INFO - Starting Nuclear Energy strategy analysis...
2025-07-12 15:17:24,471 - INFO - Analysis complete: BUY SMR - Bull market - top nuclear stock: SMR
2025-07-12 15:38:06,153 - INFO - Starting Nuclear Energy strategy analysis...
2025-07-12 15:38:09,514 - INFO - Analysis complete: BUY SMR - Bull market - top nuclear stock: SMR
2025-07-12 15:47:00,877 - INFO - Starting Nuclear Energy strategy analysis...
2025-07-12 15:47:02,886 - INFO - Analysis complete: BUY SMR - Bull market - Nuclear portfolio: SMR (33.3%), LEU (33.3%), OKLO (33.3%)
2025-07-13 11:01:00,815 - INFO - Starting Nuclear Energy strategy analysis...
2025-07-13 11:01:05,094 - INFO - Analysis complete: BUY NUCLEAR_PORTFOLIO - Bull market - Nuclear portfolio: SMR (31.2%), LEU (39.5%), OKLO (29.3%)
2025-07-13 11:14:40,972 - INFO - Starting Nuclear Energy strategy analysis...
2025-07-13 11:14:44,619 - INFO - Analysis complete: BUY NUCLEAR_PORTFOLIO - Bull market - Nuclear portfolio: SMR (31.2%), LEU (39.5%), OKLO (29.3%)
2025-07-13 11:16:35,620 - INFO - Starting Nuclear Energy strategy analysis...
2025-07-13 11:16:37,971 - INFO - Analysis complete: BUY NUCLEAR_PORTFOLIO - Bull market - Nuclear portfolio: SMR (31.2%), LEU (39.5%), OKLO (29.3%)
2025-07-13 11:17:28,508 - ERROR - HTTP Error 404: 
2025-07-13 11:17:28,869 - ERROR - $NUCLEAR_PORTFOLIO: possibly delisted; no price data found  (period=5d) (Yahoo error = "No data found, symbol may be delisted")
2025-07-13 11:17:28,871 - WARNING - No data found for NUCLEAR_PORTFOLIO
2025-07-13 11:20:15,598 - INFO - Starting Nuclear Energy strategy analysis...
2025-07-13 11:20:17,989 - INFO - Analysis complete: BUY NUCLEAR_PORTFOLIO - Bull market - Nuclear portfolio: SMR (31.2%), LEU (39.5%), OKLO (29.3%)
2025-07-13 11:54:26,520 - INFO - Starting Nuclear Energy strategy analysis...
2025-07-13 11:54:31,028 - INFO - Analysis complete: BUY NUCLEAR_PORTFOLIO - Bull market - Nuclear portfolio: SMR (31.2%), LEU (39.5%), OKLO (29.3%)
